#! /usr/local/Cellar/icarus-verilog/10.3/bin/vvp
:ivl_version "10.3 (stable)" "(v10_3)";
:ivl_delay_selection "TYPICAL";
:vpi_time_precision + 0;
:vpi_module "system";
:vpi_module "vhdl_sys";
:vpi_module "v2005_math";
:vpi_module "va_math";
S_0x7fd66b603210 .scope module, "Simple_Circuit" "Simple_Circuit" 2 1;
 .timescale 0 0;
    .port_info 0 /INPUT 1 "A"
    .port_info 1 /INPUT 1 "B"
    .port_info 2 /INPUT 1 "C"
    .port_info 3 /OUTPUT 1 "D"
    .port_info 4 /OUTPUT 1 "E"
o0x1074be008 .functor BUFZ 1, C4<z>; HiZ drive
o0x1074be038 .functor BUFZ 1, C4<z>; HiZ drive
L_0x7fd66b6135b0 .functor AND 1, o0x1074be008, o0x1074be038, C4<1>, C4<1>;
o0x1074be068 .functor BUFZ 1, C4<z>; HiZ drive
L_0x7fd66b613660 .functor NOT 1, o0x1074be068, C4<0>, C4<0>, C4<0>;
L_0x7fd66b613710 .functor OR 1, L_0x7fd66b6135b0, L_0x7fd66b613660, C4<0>, C4<0>;
v0x7fd66b603370_0 .net "A", 0 0, o0x1074be008;  0 drivers
v0x7fd66b6131e0_0 .net "B", 0 0, o0x1074be038;  0 drivers
v0x7fd66b613280_0 .net "C", 0 0, o0x1074be068;  0 drivers
v0x7fd66b613310_0 .net "D", 0 0, L_0x7fd66b613710;  1 drivers
v0x7fd66b6133b0_0 .net "E", 0 0, L_0x7fd66b613660;  1 drivers
v0x7fd66b613490_0 .net "w1", 0 0, L_0x7fd66b6135b0;  1 drivers
# The file index is used to find the file name in the following table.
:file_names 3;
    "N/A";
    "<interactive>";
    "Simple_Circuit.v";
